2025-05-07|Hanging Pots|SCHEDULED|START:09:18:00|STOP:09:25:00|WATERED:4
2025-05-07|Garden|SCHEDULED|START:09:25:00|STOP:09:35:00|WATERED:6
2025-05-07|Misters|SCHEDULED|START:09:35:00|STOP:09:37:00|WATERED:2
2025-05-07|Hanging Pots|MANUAL|START:14:00:00|STOP:14:08:00|WATERED:8
2025-05-07 Garden MANUAL START: 14:25:02 STOP: 14:26:02
2025-05-07 Garden MANUAL START: 15:50:08 STOP: 15:53:08
2025-05-07 Garden MANUAL START: 16:04:24 STOP: 16:06:24
2025-05-07 Garden MANUAL START: 16:21:29 STOP: 16:26:29
2025-05-07 Garden MANUAL START: 16:33:28 STOP: 16:38:28
2025-05-08 Misters SCHEDULED START: 13:30:00 STOP: 13:32:00
2025-05-08 Misters SCHEDULED START: 13:30:01 STOP: 13:32:01
2025-05-08 Misters SCHEDULED START: 13:30:02 STOP: 13:32:02
2025-05-08 Misters SCHEDULED START: 13:30:03 STOP: 13:32:03
2025-05-08 Misters SCHEDULED START: 13:30:04 STOP: 13:32:04
2025-05-08 Misters SCHEDULED START: 13:30:05 STOP: 13:32:05
2025-05-08 Misters SCHEDULED START: 13:30:06 STOP: 13:32:06
2025-05-08 Misters SCHEDULED START: 13:30:07 STOP: 13:32:07
2025-05-08 Misters SCHEDULED START: 13:30:08 STOP: 13:32:08
2025-05-08 Misters SCHEDULED START: 13:30:09 STOP: 13:32:09
2025-05-08 Misters SCHEDULED START: 13:30:10 STOP: 13:32:10
2025-05-08 Misters SCHEDULED START: 13:30:11 STOP: 13:32:11
2025-05-08 Misters SCHEDULED START: 13:30:12 STOP: 13:32:12
2025-05-08 Misters SCHEDULED START: 13:30:13 STOP: 13:32:13
2025-05-08 Misters SCHEDULED START: 13:30:14 STOP: 13:32:14
2025-05-08 Misters SCHEDULED START: 13:30:15 STOP: 13:32:15
2025-05-08 Misters SCHEDULED START: 13:30:16 STOP: 13:32:16
2025-05-08 Misters SCHEDULED START: 13:30:17 STOP: 13:32:17
2025-05-08 Misters SCHEDULED START: 13:30:18 STOP: 13:32:18
2025-05-08 Misters SCHEDULED START: 13:30:19 STOP: 13:32:19
2025-05-08 Misters SCHEDULED START: 13:30:20 STOP: 13:32:20
2025-05-08 Misters SCHEDULED START: 13:30:21 STOP: 13:32:21
2025-05-08 Misters SCHEDULED START: 13:30:22 STOP: 13:32:22
2025-05-08 Misters SCHEDULED START: 13:30:23 STOP: 13:32:23
2025-05-08 Misters SCHEDULED START: 13:30:24 STOP: 13:32:24
2025-05-08 Misters SCHEDULED START: 13:30:25 STOP: 13:32:25
2025-05-08 Misters SCHEDULED START: 13:30:26 STOP: 13:32:26
2025-05-08 Misters SCHEDULED START: 13:30:27 STOP: 13:32:27
2025-05-08 Misters SCHEDULED START: 13:30:28 STOP: 13:32:28
2025-05-08 Misters SCHEDULED START: 13:30:29 STOP: 13:32:29
2025-05-08 Misters SCHEDULED START: 13:30:30 STOP: 13:32:30
2025-05-08 Misters SCHEDULED START: 13:30:31 STOP: 13:32:31
2025-05-08 Misters SCHEDULED START: 13:30:32 STOP: 13:32:32
2025-05-08 Misters SCHEDULED START: 13:30:33 STOP: 13:32:33
2025-05-08 Misters SCHEDULED START: 13:30:34 STOP: 13:32:34
2025-05-08 Misters SCHEDULED START: 13:30:35 STOP: 13:32:35
2025-05-08 Misters SCHEDULED START: 13:30:36 STOP: 13:32:36
2025-05-08 Misters SCHEDULED START: 13:30:37 STOP: 13:32:37
2025-05-08 Misters SCHEDULED START: 13:30:38 STOP: 13:32:38
2025-05-08 Misters SCHEDULED START: 13:30:39 STOP: 13:32:40
2025-05-08 Misters SCHEDULED START: 13:30:40 STOP: 13:32:41
2025-05-08 Misters SCHEDULED START: 13:30:41 STOP: 13:32:42
2025-05-08 Misters SCHEDULED START: 13:30:43 STOP: 13:32:43
2025-05-08 Misters SCHEDULED START: 13:30:44 STOP: 13:32:44
2025-05-08 Misters SCHEDULED START: 13:30:45 STOP: 13:32:45
2025-05-08 Misters SCHEDULED START: 13:30:46 STOP: 13:32:46
2025-05-08 Misters SCHEDULED START: 13:30:47 STOP: 13:32:47
2025-05-08 Misters SCHEDULED START: 13:30:48 STOP: 13:32:48
2025-05-08 Misters SCHEDULED START: 13:30:49 STOP: 13:32:49
2025-05-08 Misters SCHEDULED START: 13:30:50 STOP: 13:32:50
2025-05-08 Misters SCHEDULED START: 13:30:51 STOP: 13:32:51
2025-05-08 Misters SCHEDULED START: 13:30:52 STOP: 13:32:52
2025-05-08 Misters SCHEDULED START: 13:30:53 STOP: 13:32:53
2025-05-08 Misters SCHEDULED START: 13:30:54 STOP: 13:32:54
2025-05-08 Misters SCHEDULED START: 13:30:55 STOP: 13:32:55
2025-05-08 Misters SCHEDULED START: 13:30:56 STOP: 13:32:56
2025-05-08 Misters SCHEDULED START: 13:30:57 STOP: 13:32:57
2025-05-08 Misters SCHEDULED START: 13:30:58 STOP: 13:32:58
2025-05-08 Misters SCHEDULED START: 13:30:59 STOP: 13:32:59
2025-05-08 Garden MANUAL START: 17:13:52 STOP: 17:18:52
2025-05-08 Garden MANUAL START: 17:31:05 STOP: 17:36:05
2025-05-08 Garden MANUAL START: 17:45:46 STOP: 17:50:47
2025-05-08 Garden MANUAL START: 18:12:41 STOP: 18:17:41
2025-05-08 Garden MANUAL START: 18:36:42 STOP: 18:41:42
2025-05-08 Garden MANUAL START: 19:27:38 STOP: 19:37:38
2025-05-08 Garden MANUAL START: 19:30:41 STOP: 19:39:41
2025-05-09 Garden MANUAL START: 11:54:01 STOP: 11:56:01
2025-05-09 Garden MANUAL START: 11:56:52 STOP: 11:57:52
2025-05-09 Garden MANUAL START: 12:03:49 STOP: 12:04:49
2025-05-09 Hanging Pots MANUAL START: 12:08:14 STOP: 12:11:14
2025-05-09 Misters SCHEDULED START: 13:30:00 STOP: 13:33:00
2025-05-09 Misters SCHEDULED START: 13:30:01 STOP: 13:33:01
2025-05-09 Misters SCHEDULED START: 13:30:02 STOP: 13:33:02
2025-05-09 Misters SCHEDULED START: 13:30:03 STOP: 13:33:03
2025-05-09 Misters SCHEDULED START: 13:30:04 STOP: 13:33:04
2025-05-09 Misters SCHEDULED START: 13:30:05 STOP: 13:33:05
2025-05-09 Misters SCHEDULED START: 13:30:06 STOP: 13:33:06
2025-05-09 Misters SCHEDULED START: 13:30:07 STOP: 13:33:07
2025-05-09 Misters SCHEDULED START: 13:30:08 STOP: 13:33:08
2025-05-09 Misters SCHEDULED START: 13:30:09 STOP: 13:33:09
2025-05-09 Misters SCHEDULED START: 13:30:10 STOP: 13:33:10
2025-05-09 Misters SCHEDULED START: 13:30:11 STOP: 13:33:11
2025-05-09 Misters SCHEDULED START: 13:30:12 STOP: 13:33:12
2025-05-09 Misters SCHEDULED START: 13:30:13 STOP: 13:33:13
2025-05-09 Misters SCHEDULED START: 13:30:14 STOP: 13:33:14
2025-05-09 Misters SCHEDULED START: 13:30:15 STOP: 13:33:15
2025-05-09 Misters SCHEDULED START: 13:30:16 STOP: 13:33:16
2025-05-09 Misters SCHEDULED START: 13:30:17 STOP: 13:33:17
2025-05-09 Misters SCHEDULED START: 13:30:18 STOP: 13:33:18
2025-05-09 Misters SCHEDULED START: 13:30:19 STOP: 13:33:19
2025-05-09 Misters SCHEDULED START: 13:30:20 STOP: 13:33:20
2025-05-09 Misters SCHEDULED START: 13:30:21 STOP: 13:33:21
2025-05-09 Misters SCHEDULED START: 13:30:22 STOP: 13:33:22
2025-05-09 Misters SCHEDULED START: 13:30:23 STOP: 13:33:23
2025-05-09 Misters SCHEDULED START: 13:30:24 STOP: 13:33:24
2025-05-09 Misters SCHEDULED START: 13:30:25 STOP: 13:33:25
2025-05-09 Misters SCHEDULED START: 13:30:26 STOP: 13:33:26
2025-05-09 Misters SCHEDULED START: 13:30:27 STOP: 13:33:27
2025-05-09 Misters SCHEDULED START: 13:30:28 STOP: 13:33:28
2025-05-09 Misters SCHEDULED START: 13:30:29 STOP: 13:33:29
2025-05-09 Misters SCHEDULED START: 13:30:30 STOP: 13:33:30
2025-05-09 Misters SCHEDULED START: 13:30:31 STOP: 13:33:31
2025-05-09 Misters SCHEDULED START: 13:30:32 STOP: 13:33:32
2025-05-09 Misters SCHEDULED START: 13:30:33 STOP: 13:33:33
2025-05-09 Misters SCHEDULED START: 13:30:34 STOP: 13:33:34
2025-05-09 Misters SCHEDULED START: 13:30:35 STOP: 13:33:35
2025-05-09 Misters SCHEDULED START: 13:30:36 STOP: 13:33:36
2025-05-09 Misters SCHEDULED START: 13:30:37 STOP: 13:33:37
2025-05-09 Misters SCHEDULED START: 13:30:38 STOP: 13:33:38
2025-05-09 Misters SCHEDULED START: 13:30:39 STOP: 13:33:39
2025-05-09 Misters SCHEDULED START: 13:30:40 STOP: 13:33:40
2025-05-09 Misters SCHEDULED START: 13:30:41 STOP: 13:33:41
2025-05-09 Misters SCHEDULED START: 13:30:42 STOP: 13:33:42
2025-05-09 Misters SCHEDULED START: 13:30:43 STOP: 13:33:43
2025-05-09 Misters SCHEDULED START: 13:30:44 STOP: 13:33:44
2025-05-09 Misters SCHEDULED START: 13:30:45 STOP: 13:33:45
2025-05-09 Misters SCHEDULED START: 13:30:46 STOP: 13:33:46
2025-05-09 Misters SCHEDULED START: 13:30:47 STOP: 13:33:47
2025-05-09 Misters SCHEDULED START: 13:30:48 STOP: 13:33:48
2025-05-09 Misters SCHEDULED START: 13:30:49 STOP: 13:33:49
2025-05-09 Misters SCHEDULED START: 13:30:50 STOP: 13:33:50
2025-05-09 Misters SCHEDULED START: 13:30:51 STOP: 13:33:51
2025-05-09 Misters SCHEDULED START: 13:30:52 STOP: 13:33:52
2025-05-09 Misters SCHEDULED START: 13:30:53 STOP: 13:33:53
2025-05-09 Misters SCHEDULED START: 13:30:54 STOP: 13:33:54
2025-05-09 Misters SCHEDULED START: 13:30:55 STOP: 13:33:55
2025-05-09 Misters SCHEDULED START: 13:30:56 STOP: 13:33:56
2025-05-09 Misters SCHEDULED START: 13:30:57 STOP: 13:33:57
2025-05-09 Misters SCHEDULED START: 13:30:58 STOP: 13:33:58
2025-05-09 Misters SCHEDULED START: 13:30:59 STOP: 13:33:59
2025-05-10 Garden MANUAL START: 16:44:12 STOP: 16:50:12
2025-05-11 Hanging Pots MANUAL START: 10:52:53 STOP: 11:29:53
2025-05-11 Misters SCHEDULED START: 13:30:00 STOP: 13:33:00
2025-05-11 Misters SCHEDULED START: 13:30:01 STOP: 13:33:01
2025-05-11 Misters SCHEDULED START: 13:30:02 STOP: 13:33:02
2025-05-11 Misters SCHEDULED START: 13:30:03 STOP: 13:33:03
2025-05-11 Misters SCHEDULED START: 13:30:04 STOP: 13:33:04
2025-05-11 Misters SCHEDULED START: 13:30:05 STOP: 13:33:05
2025-05-11 Misters SCHEDULED START: 13:30:06 STOP: 13:33:06
2025-05-11 Misters SCHEDULED START: 13:30:07 STOP: 13:33:07
2025-05-11 Misters SCHEDULED START: 13:30:08 STOP: 13:33:08
2025-05-11 Misters SCHEDULED START: 13:30:09 STOP: 13:33:09
2025-05-11 Misters SCHEDULED START: 13:30:10 STOP: 13:33:10
2025-05-11 Misters SCHEDULED START: 13:30:11 STOP: 13:33:11
2025-05-11 Misters SCHEDULED START: 13:30:12 STOP: 13:33:12
2025-05-11 Misters SCHEDULED START: 13:30:13 STOP: 13:33:13
2025-05-11 Misters SCHEDULED START: 13:30:14 STOP: 13:33:14
2025-05-11 Misters SCHEDULED START: 13:30:15 STOP: 13:33:15
2025-05-11 Misters SCHEDULED START: 13:30:16 STOP: 13:33:16
2025-05-11 Misters SCHEDULED START: 13:30:17 STOP: 13:33:17
2025-05-11 Misters SCHEDULED START: 13:30:18 STOP: 13:33:18
2025-05-11 Misters SCHEDULED START: 13:30:19 STOP: 13:33:19
2025-05-11 Misters SCHEDULED START: 13:30:20 STOP: 13:33:20
2025-05-11 Misters SCHEDULED START: 13:30:21 STOP: 13:33:21
2025-05-11 Misters SCHEDULED START: 13:30:22 STOP: 13:33:22
2025-05-11 Misters SCHEDULED START: 13:30:23 STOP: 13:33:23
2025-05-11 Misters SCHEDULED START: 13:30:24 STOP: 13:33:24
2025-05-11 Misters SCHEDULED START: 13:30:25 STOP: 13:33:25
2025-05-11 Misters SCHEDULED START: 13:30:26 STOP: 13:33:26
2025-05-11 Misters SCHEDULED START: 13:30:27 STOP: 13:33:27
2025-05-11 Misters SCHEDULED START: 13:30:28 STOP: 13:33:28
2025-05-11 Misters SCHEDULED START: 13:30:29 STOP: 13:33:29
2025-05-11 Misters SCHEDULED START: 13:30:30 STOP: 13:33:30
2025-05-11 Misters SCHEDULED START: 13:30:31 STOP: 13:33:31
2025-05-11 Misters SCHEDULED START: 13:30:32 STOP: 13:33:32
2025-05-11 Misters SCHEDULED START: 13:30:33 STOP: 13:33:33
2025-05-11 Misters SCHEDULED START: 13:30:34 STOP: 13:33:34
2025-05-11 Misters SCHEDULED START: 13:30:35 STOP: 13:33:35
2025-05-11 Misters SCHEDULED START: 13:30:36 STOP: 13:33:36
2025-05-11 Misters SCHEDULED START: 13:30:37 STOP: 13:33:37
2025-05-11 Misters SCHEDULED START: 13:30:38 STOP: 13:33:38
2025-05-11 Misters SCHEDULED START: 13:30:39 STOP: 13:33:39
2025-05-11 Misters SCHEDULED START: 13:30:40 STOP: 13:33:40
2025-05-11 Misters SCHEDULED START: 13:30:41 STOP: 13:33:41
2025-05-11 Misters SCHEDULED START: 13:30:42 STOP: 13:33:42
2025-05-11 Misters SCHEDULED START: 13:30:43 STOP: 13:33:43
2025-05-11 Misters SCHEDULED START: 13:30:44 STOP: 13:33:44
2025-05-11 Misters SCHEDULED START: 13:30:45 STOP: 13:33:45
2025-05-11 Misters SCHEDULED START: 13:30:46 STOP: 13:33:46
2025-05-11 Misters SCHEDULED START: 13:30:47 STOP: 13:33:47
2025-05-11 Misters SCHEDULED START: 13:30:48 STOP: 13:33:48
2025-05-11 Misters SCHEDULED START: 13:30:49 STOP: 13:33:49
2025-05-11 Misters SCHEDULED START: 13:30:50 STOP: 13:33:50
2025-05-11 Misters SCHEDULED START: 13:30:51 STOP: 13:33:51
2025-05-11 Misters SCHEDULED START: 13:30:52 STOP: 13:33:52
2025-05-11 Misters SCHEDULED START: 13:30:53 STOP: 13:33:53
2025-05-11 Misters SCHEDULED START: 13:30:54 STOP: 13:33:54
2025-05-11 Misters SCHEDULED START: 13:30:55 STOP: 13:33:55
2025-05-11 Misters SCHEDULED START: 13:30:56 STOP: 13:33:56
2025-05-11 Misters SCHEDULED START: 13:30:57 STOP: 13:33:57
2025-05-11 Misters SCHEDULED START: 13:30:58 STOP: 13:33:58
2025-05-11 Misters SCHEDULED START: 13:30:59 STOP: 13:33:59
2025-05-14 Misters SCHEDULED START: 09:10:00 STOP: 09:11:00
2025-05-14 Misters SCHEDULED START: 09:10:01 STOP: 09:11:01
2025-05-14 Misters SCHEDULED START: 09:10:02 STOP: 09:11:02
2025-05-14 Misters SCHEDULED START: 09:10:03 STOP: 09:11:03
2025-05-14 Misters SCHEDULED START: 09:10:04 STOP: 09:11:04
2025-05-14 Misters SCHEDULED START: 09:10:05 STOP: 09:11:05
2025-05-14 Misters SCHEDULED START: 09:10:06 STOP: 09:11:06
2025-05-14 Misters SCHEDULED START: 09:10:07 STOP: 09:11:07
2025-05-14 Misters SCHEDULED START: 09:10:08 STOP: 09:11:08
2025-05-14 Misters SCHEDULED START: 09:10:09 STOP: 09:11:09
2025-05-14 Misters SCHEDULED START: 09:10:10 STOP: 09:11:10
2025-05-14 Misters SCHEDULED START: 09:10:11 STOP: 09:11:11
2025-05-14 Misters SCHEDULED START: 09:10:12 STOP: 09:11:12
2025-05-14 Misters SCHEDULED START: 09:10:13 STOP: 09:11:13
2025-05-14 Misters SCHEDULED START: 09:10:14 STOP: 09:11:14
2025-05-14 Misters SCHEDULED START: 09:10:15 STOP: 09:11:16
2025-05-14 Misters SCHEDULED START: 09:10:17 STOP: 09:11:17
2025-05-14 Misters SCHEDULED START: 09:10:18 STOP: 09:11:18
2025-05-14 Misters SCHEDULED START: 09:10:19 STOP: 09:11:19
2025-05-14 Misters SCHEDULED START: 09:10:20 STOP: 09:11:20
2025-05-14 Misters SCHEDULED START: 09:10:21 STOP: 09:11:21
2025-05-14 Misters SCHEDULED START: 09:10:22 STOP: 09:11:22
2025-05-14 Misters SCHEDULED START: 09:10:23 STOP: 09:11:23
2025-05-14 Misters SCHEDULED START: 09:10:24 STOP: 09:11:24
2025-05-14 Misters SCHEDULED START: 09:10:25 STOP: 09:11:25
2025-05-14 Misters SCHEDULED START: 09:10:26 STOP: 09:11:26
2025-05-14 Misters SCHEDULED START: 09:10:27 STOP: 09:11:27
2025-05-14 Misters SCHEDULED START: 09:10:28 STOP: 09:11:28
2025-05-14 Misters SCHEDULED START: 09:10:29 STOP: 09:11:29
2025-05-14 Misters SCHEDULED START: 09:10:30 STOP: 09:11:30
2025-05-14 Misters SCHEDULED START: 09:10:31 STOP: 09:11:31
2025-05-14 Misters SCHEDULED START: 09:10:32 STOP: 09:11:32
2025-05-14 Misters SCHEDULED START: 09:10:33 STOP: 09:11:33
2025-05-14 Misters SCHEDULED START: 09:10:34 STOP: 09:11:34
2025-05-14 Misters SCHEDULED START: 09:10:35 STOP: 09:11:35
2025-05-14 Misters SCHEDULED START: 09:10:36 STOP: 09:11:36
2025-05-14 Misters SCHEDULED START: 09:10:37 STOP: 09:11:37
2025-05-14 Misters SCHEDULED START: 09:10:38 STOP: 09:11:38
2025-05-14 Misters SCHEDULED START: 09:10:39 STOP: 09:11:39
2025-05-14 Misters SCHEDULED START: 09:10:40 STOP: 09:11:40
2025-05-14 Misters SCHEDULED START: 09:10:41 STOP: 09:11:41
2025-05-14 Misters SCHEDULED START: 09:10:42 STOP: 09:11:42
2025-05-14 Misters SCHEDULED START: 09:10:43 STOP: 09:11:43
2025-05-14 Misters SCHEDULED START: 09:10:44 STOP: 09:11:44
2025-05-14 Misters SCHEDULED START: 09:10:45 STOP: 09:11:45
2025-05-14 Misters SCHEDULED START: 09:10:46 STOP: 09:11:46
2025-05-14 Misters SCHEDULED START: 09:10:47 STOP: 09:11:47
2025-05-14 Misters SCHEDULED START: 09:10:48 STOP: 09:11:48
2025-05-14 Misters SCHEDULED START: 09:10:49 STOP: 09:11:49
2025-05-14 Misters SCHEDULED START: 09:10:50 STOP: 09:11:50
2025-05-14 Misters SCHEDULED START: 09:10:51 STOP: 09:11:51
2025-05-14 Misters SCHEDULED START: 09:10:52 STOP: 09:11:52
2025-05-14 Misters SCHEDULED START: 09:10:53 STOP: 09:11:53
2025-05-14 Misters SCHEDULED START: 09:10:54 STOP: 09:11:54
2025-05-14 Misters SCHEDULED START: 09:10:55 STOP: 09:11:55
2025-05-14 Misters SCHEDULED START: 09:10:56 STOP: 09:11:56
2025-05-14 Misters SCHEDULED START: 09:10:57 STOP: 09:11:57
2025-05-14 Misters SCHEDULED START: 09:10:58 STOP: 09:11:58
2025-05-14 Misters SCHEDULED START: 09:10:59 STOP: 09:11:59
2025-05-14 Hanging Pots SCHEDULED START: 09:10:00 STOP: 09:23:00
2025-05-14 Hanging Pots SCHEDULED START: 09:10:01 STOP: 09:23:01
2025-05-14 Hanging Pots SCHEDULED START: 09:10:02 STOP: 09:23:02
2025-05-14 Hanging Pots SCHEDULED START: 09:10:03 STOP: 09:23:03
2025-05-14 Hanging Pots SCHEDULED START: 09:10:04 STOP: 09:23:04
2025-05-14 Hanging Pots SCHEDULED START: 09:10:05 STOP: 09:23:05
2025-05-14 Hanging Pots SCHEDULED START: 09:10:06 STOP: 09:23:06
2025-05-14 Hanging Pots SCHEDULED START: 09:10:07 STOP: 09:23:07
2025-05-14 Hanging Pots SCHEDULED START: 09:10:08 STOP: 09:23:08
2025-05-14 Hanging Pots SCHEDULED START: 09:10:09 STOP: 09:23:10
2025-05-14 Hanging Pots SCHEDULED START: 09:10:10 STOP: 09:23:11
2025-05-14 Hanging Pots SCHEDULED START: 09:10:11 STOP: 09:23:12
2025-05-14 Hanging Pots SCHEDULED START: 09:10:12 STOP: 09:23:13
2025-05-14 Hanging Pots SCHEDULED START: 09:10:13 STOP: 09:23:14
2025-05-14 Hanging Pots SCHEDULED START: 09:10:14 STOP: 09:23:15
2025-05-14 Hanging Pots SCHEDULED START: 09:10:15 STOP: 09:23:16
2025-05-14 Hanging Pots SCHEDULED START: 09:10:17 STOP: 09:23:17
2025-05-14 Hanging Pots SCHEDULED START: 09:10:18 STOP: 09:23:18
2025-05-14 Hanging Pots SCHEDULED START: 09:10:19 STOP: 09:23:19
2025-05-14 Hanging Pots SCHEDULED START: 09:10:20 STOP: 09:23:20
2025-05-14 Hanging Pots SCHEDULED START: 09:10:21 STOP: 09:23:21
2025-05-14 Hanging Pots SCHEDULED START: 09:10:22 STOP: 09:23:22
2025-05-14 Hanging Pots SCHEDULED START: 09:10:23 STOP: 09:23:23
2025-05-14 Hanging Pots SCHEDULED START: 09:10:24 STOP: 09:23:24
2025-05-14 Hanging Pots SCHEDULED START: 09:10:25 STOP: 09:23:25
2025-05-14 Hanging Pots SCHEDULED START: 09:10:26 STOP: 09:23:26
2025-05-14 Hanging Pots SCHEDULED START: 09:10:27 STOP: 09:23:27
2025-05-14 Hanging Pots SCHEDULED START: 09:10:28 STOP: 09:23:28
2025-05-14 Hanging Pots SCHEDULED START: 09:10:29 STOP: 09:23:29
2025-05-14 Hanging Pots SCHEDULED START: 09:10:30 STOP: 09:23:30
2025-05-14 Hanging Pots SCHEDULED START: 09:10:31 STOP: 09:23:31
2025-05-14 Hanging Pots SCHEDULED START: 09:10:32 STOP: 09:23:32
2025-05-14 Hanging Pots SCHEDULED START: 09:10:33 STOP: 09:23:33
2025-05-14 Hanging Pots SCHEDULED START: 09:10:34 STOP: 09:23:34
2025-05-14 Hanging Pots SCHEDULED START: 09:10:35 STOP: 09:23:35
2025-05-14 Hanging Pots SCHEDULED START: 09:10:36 STOP: 09:23:36
2025-05-14 Hanging Pots SCHEDULED START: 09:10:37 STOP: 09:23:37
2025-05-14 Hanging Pots SCHEDULED START: 09:10:38 STOP: 09:23:38
2025-05-14 Hanging Pots SCHEDULED START: 09:10:39 STOP: 09:23:39
2025-05-14 Hanging Pots SCHEDULED START: 09:10:40 STOP: 09:23:40
2025-05-14 Hanging Pots SCHEDULED START: 09:10:41 STOP: 09:23:41
2025-05-14 Hanging Pots SCHEDULED START: 09:10:42 STOP: 09:23:42
2025-05-14 Hanging Pots SCHEDULED START: 09:10:43 STOP: 09:23:43
2025-05-14 Hanging Pots SCHEDULED START: 09:10:44 STOP: 09:23:44
2025-05-14 Hanging Pots SCHEDULED START: 09:10:45 STOP: 09:23:45
2025-05-14 Hanging Pots SCHEDULED START: 09:10:46 STOP: 09:23:46
2025-05-14 Hanging Pots SCHEDULED START: 09:10:47 STOP: 09:23:47
2025-05-14 Hanging Pots SCHEDULED START: 09:10:48 STOP: 09:23:48
2025-05-14 Hanging Pots SCHEDULED START: 09:10:49 STOP: 09:23:49
2025-05-14 Hanging Pots SCHEDULED START: 09:10:50 STOP: 09:23:50
2025-05-14 Hanging Pots SCHEDULED START: 09:10:51 STOP: 09:23:51
2025-05-14 Hanging Pots SCHEDULED START: 09:10:52 STOP: 09:23:52
2025-05-14 Hanging Pots SCHEDULED START: 09:10:53 STOP: 09:23:53
2025-05-14 Hanging Pots SCHEDULED START: 09:10:54 STOP: 09:23:54
2025-05-14 Hanging Pots SCHEDULED START: 09:10:55 STOP: 09:23:55
2025-05-14 Hanging Pots SCHEDULED START: 09:10:56 STOP: 09:23:56
2025-05-14 Hanging Pots SCHEDULED START: 09:10:57 STOP: 09:23:57
2025-05-14 Hanging Pots SCHEDULED START: 09:10:58 STOP: 09:23:58
2025-05-14 Hanging Pots SCHEDULED START: 09:10:59 STOP: 09:23:59
2025-05-14 Garden SCHEDULED START: 09:10:00 STOP: 09:28:00
2025-05-14 Garden SCHEDULED START: 09:10:01 STOP: 09:28:01
2025-05-14 Garden SCHEDULED START: 09:10:02 STOP: 09:28:02
2025-05-14 Garden SCHEDULED START: 09:10:03 STOP: 09:28:03
2025-05-14 Garden SCHEDULED START: 09:10:04 STOP: 09:28:04
2025-05-14 Garden SCHEDULED START: 09:10:05 STOP: 09:28:05
2025-05-14 Garden SCHEDULED START: 09:10:06 STOP: 09:28:07
2025-05-14 Garden SCHEDULED START: 09:10:07 STOP: 09:28:08
2025-05-14 Garden SCHEDULED START: 09:10:08 STOP: 09:28:09
2025-05-14 Garden SCHEDULED START: 09:10:09 STOP: 09:28:10
2025-05-14 Garden SCHEDULED START: 09:10:10 STOP: 09:28:11
2025-05-14 Garden SCHEDULED START: 09:10:11 STOP: 09:28:12
2025-05-14 Garden SCHEDULED START: 09:10:12 STOP: 09:28:13
2025-05-14 Garden SCHEDULED START: 09:10:13 STOP: 09:28:14
2025-05-14 Garden SCHEDULED START: 09:10:14 STOP: 09:28:15
2025-05-14 Garden SCHEDULED START: 09:10:15 STOP: 09:28:16
2025-05-14 Garden SCHEDULED START: 09:10:17 STOP: 09:28:17
2025-05-14 Garden SCHEDULED START: 09:10:18 STOP: 09:28:18
2025-05-14 Garden SCHEDULED START: 09:10:19 STOP: 09:28:19
2025-05-14 Garden SCHEDULED START: 09:10:20 STOP: 09:28:20
2025-05-14 Garden SCHEDULED START: 09:10:21 STOP: 09:28:21
2025-05-14 Garden SCHEDULED START: 09:10:22 STOP: 09:28:22
2025-05-14 Garden SCHEDULED START: 09:10:23 STOP: 09:28:23
2025-05-14 Garden SCHEDULED START: 09:10:24 STOP: 09:28:24
2025-05-14 Garden SCHEDULED START: 09:10:25 STOP: 09:28:25
2025-05-14 Garden SCHEDULED START: 09:10:26 STOP: 09:28:26
2025-05-14 Garden SCHEDULED START: 09:10:27 STOP: 09:28:27
2025-05-14 Garden SCHEDULED START: 09:10:28 STOP: 09:28:28
2025-05-14 Garden SCHEDULED START: 09:10:29 STOP: 09:28:29
2025-05-14 Garden SCHEDULED START: 09:10:30 STOP: 09:28:30
2025-05-14 Garden SCHEDULED START: 09:10:31 STOP: 09:28:31
2025-05-14 Garden SCHEDULED START: 09:10:32 STOP: 09:28:32
2025-05-14 Garden SCHEDULED START: 09:10:33 STOP: 09:28:33
2025-05-14 Garden SCHEDULED START: 09:10:34 STOP: 09:28:34
2025-05-14 Garden SCHEDULED START: 09:10:35 STOP: 09:28:35
2025-05-14 Garden SCHEDULED START: 09:10:36 STOP: 09:28:36
2025-05-14 Garden SCHEDULED START: 09:10:37 STOP: 09:28:37
2025-05-14 Garden SCHEDULED START: 09:10:38 STOP: 09:28:38
2025-05-14 Garden SCHEDULED START: 09:10:39 STOP: 09:28:39
2025-05-14 Garden SCHEDULED START: 09:10:40 STOP: 09:28:40
2025-05-14 Garden SCHEDULED START: 09:10:41 STOP: 09:28:41
2025-05-14 Garden SCHEDULED START: 09:10:42 STOP: 09:28:42
2025-05-14 Garden SCHEDULED START: 09:10:43 STOP: 09:28:43
2025-05-14 Garden SCHEDULED START: 09:10:44 STOP: 09:28:44
2025-05-14 Garden SCHEDULED START: 09:10:45 STOP: 09:28:45
2025-05-14 Garden SCHEDULED START: 09:10:46 STOP: 09:28:46
2025-05-14 Garden SCHEDULED START: 09:10:47 STOP: 09:28:47
2025-05-14 Garden SCHEDULED START: 09:10:48 STOP: 09:28:48
2025-05-14 Garden SCHEDULED START: 09:10:49 STOP: 09:28:49
2025-05-14 Garden SCHEDULED START: 09:10:50 STOP: 09:28:50
2025-05-14 Garden SCHEDULED START: 09:10:51 STOP: 09:28:51
2025-05-14 Garden SCHEDULED START: 09:10:52 STOP: 09:28:52
2025-05-14 Garden SCHEDULED START: 09:10:53 STOP: 09:28:53
2025-05-14 Garden SCHEDULED START: 09:10:54 STOP: 09:28:54
2025-05-14 Garden SCHEDULED START: 09:10:55 STOP: 09:28:55
2025-05-14 Garden SCHEDULED START: 09:10:56 STOP: 09:28:56
2025-05-14 Garden SCHEDULED START: 09:10:57 STOP: 09:28:57
2025-05-14 Garden SCHEDULED START: 09:10:58 STOP: 09:28:58
2025-05-14 Garden SCHEDULED START: 09:10:59 STOP: 09:28:59
2025-05-17 Hanging Pots MANUAL START: 16:29:46 STOP: 16:30:46
2025-05-17 Hanging Pots MANUAL START: 16:35:01 STOP: 16:36:01
2025-05-17 Garden MANUAL START: 18:45:33 STOP: 18:47:33
2025-05-18 Hanging Pots MANUAL START: 10:36:55 STOP: 10:41:55
2025-05-18 Hanging Pots MANUAL START: 10:49:16 STOP: 10:58:16
2025-05-18 Hanging Pots MANUAL START: 10:58:39 STOP: 11:05:39
2025-05-18 Hanging Pots MANUAL START: 12:06:05 STOP: 12:11:06
2025-05-18 Garden MANUAL START: 14:17:22 STOP: 14:19:22
2025-05-18 Hanging Pots MANUAL START: 14:23:46 STOP: 14:28:46
2025-05-18 Hanging Pots MANUAL START: 14:25:03 STOP: 14:44:03
2025-05-18 Garden MANUAL START: 14:34:17 STOP: 14:52:17
2025-05-18 Hanging Pots MANUAL START: 14:41:08 STOP: 15:00:08
2025-05-18 Hanging Pots MANUAL START: 14:44:57 STOP: 15:01:58
2025-05-18 Misters SCHEDULED START: 15:25:01 STOP: 15:26:01
2025-05-18 Misters SCHEDULED START: 15:25:02 STOP: 15:26:02
2025-05-18 Misters SCHEDULED START: 15:25:03 STOP: 15:26:03
2025-05-18 Misters SCHEDULED START: 15:25:05 STOP: 15:26:05
2025-05-18 Misters SCHEDULED START: 15:25:06 STOP: 15:26:06
2025-05-18 Misters SCHEDULED START: 15:25:08 STOP: 15:26:08
2025-05-18 Misters SCHEDULED START: 15:25:09 STOP: 15:26:09
2025-05-18 Misters SCHEDULED START: 15:25:10 STOP: 15:26:10
2025-05-18 Misters SCHEDULED START: 15:25:12 STOP: 15:26:12
2025-05-18 Misters SCHEDULED START: 15:25:13 STOP: 15:26:13
2025-05-18 Misters SCHEDULED START: 15:25:14 STOP: 15:26:14
2025-05-18 Misters SCHEDULED START: 15:25:16 STOP: 15:26:16
2025-05-18 Misters SCHEDULED START: 15:25:17 STOP: 15:26:17
2025-05-18 Misters SCHEDULED START: 15:25:18 STOP: 15:26:18
2025-05-18 Misters SCHEDULED START: 15:25:20 STOP: 15:26:20
2025-05-18 Misters SCHEDULED START: 15:25:21 STOP: 15:26:21
2025-05-18 Misters SCHEDULED START: 15:25:22 STOP: 15:26:22
2025-05-18 Misters SCHEDULED START: 15:25:24 STOP: 15:26:24
2025-05-18 Misters SCHEDULED START: 15:25:25 STOP: 15:26:25
2025-05-18 Misters SCHEDULED START: 15:25:27 STOP: 15:26:27
2025-05-18 Misters SCHEDULED START: 15:25:28 STOP: 15:26:28
2025-05-18 Misters SCHEDULED START: 15:25:29 STOP: 15:26:29
2025-05-18 Misters SCHEDULED START: 15:25:31 STOP: 15:26:31
2025-05-18 Misters SCHEDULED START: 15:25:32 STOP: 15:26:32
2025-05-18 Misters SCHEDULED START: 15:25:33 STOP: 15:26:33
2025-05-18 Misters SCHEDULED START: 15:25:35 STOP: 15:26:35
2025-05-18 Misters SCHEDULED START: 15:25:36 STOP: 15:26:36
2025-05-18 Misters SCHEDULED START: 15:25:38 STOP: 15:26:38
2025-05-18 Misters SCHEDULED START: 15:25:39 STOP: 15:26:39
2025-05-18 Misters SCHEDULED START: 15:25:40 STOP: 15:26:40
2025-05-18 Misters SCHEDULED START: 15:25:42 STOP: 15:26:42
2025-05-18 Misters SCHEDULED START: 15:25:43 STOP: 15:26:43
2025-05-18 Misters SCHEDULED START: 15:25:45 STOP: 15:26:45
2025-05-18 Misters SCHEDULED START: 15:25:46 STOP: 15:26:46
2025-05-18 Misters SCHEDULED START: 15:25:48 STOP: 15:26:48
2025-05-18 Misters SCHEDULED START: 15:25:49 STOP: 15:26:49
2025-05-18 Misters SCHEDULED START: 15:25:50 STOP: 15:26:50
2025-05-18 Misters SCHEDULED START: 15:25:52 STOP: 15:26:52
2025-05-18 Misters SCHEDULED START: 15:25:53 STOP: 15:26:53
2025-05-18 Misters SCHEDULED START: 15:25:55 STOP: 15:26:55
2025-05-18 Misters SCHEDULED START: 15:25:56 STOP: 15:26:56
2025-05-18 Misters SCHEDULED START: 15:25:58 STOP: 15:26:58
2025-05-18 Misters SCHEDULED START: 15:25:59 STOP: 15:26:59
2025-05-18 Hanging Pots SCHEDULED START: 15:25:01 STOP: 15:38:01
2025-05-18 Hanging Pots SCHEDULED START: 15:25:02 STOP: 15:38:02
2025-05-18 Hanging Pots SCHEDULED START: 15:25:03 STOP: 15:38:03
2025-05-18 Hanging Pots SCHEDULED START: 15:25:05 STOP: 15:38:05
2025-05-18 Hanging Pots SCHEDULED START: 15:25:06 STOP: 15:38:06
2025-05-18 Hanging Pots SCHEDULED START: 15:25:08 STOP: 15:38:08
2025-05-18 Hanging Pots SCHEDULED START: 15:25:09 STOP: 15:38:09
2025-05-18 Hanging Pots SCHEDULED START: 15:25:10 STOP: 15:38:10
2025-05-18 Hanging Pots SCHEDULED START: 15:25:12 STOP: 15:38:12
2025-05-18 Hanging Pots SCHEDULED START: 15:25:13 STOP: 15:38:13
2025-05-18 Hanging Pots SCHEDULED START: 15:25:14 STOP: 15:38:14
2025-05-18 Hanging Pots SCHEDULED START: 15:25:16 STOP: 15:38:16
2025-05-18 Hanging Pots SCHEDULED START: 15:25:17 STOP: 15:38:17
2025-05-18 Hanging Pots SCHEDULED START: 15:25:18 STOP: 15:38:18
2025-05-18 Hanging Pots SCHEDULED START: 15:25:20 STOP: 15:38:20
2025-05-18 Hanging Pots SCHEDULED START: 15:25:21 STOP: 15:38:21
2025-05-18 Hanging Pots SCHEDULED START: 15:25:22 STOP: 15:38:23
2025-05-18 Hanging Pots SCHEDULED START: 15:25:24 STOP: 15:38:24
2025-05-18 Hanging Pots SCHEDULED START: 15:25:25 STOP: 15:38:25
2025-05-18 Hanging Pots SCHEDULED START: 15:25:27 STOP: 15:38:27
2025-05-18 Hanging Pots SCHEDULED START: 15:25:28 STOP: 15:38:28
2025-05-18 Hanging Pots SCHEDULED START: 15:25:29 STOP: 15:38:29
2025-05-18 Hanging Pots SCHEDULED START: 15:25:31 STOP: 15:38:31
2025-05-18 Hanging Pots SCHEDULED START: 15:25:32 STOP: 15:38:32
2025-05-18 Hanging Pots SCHEDULED START: 15:25:33 STOP: 15:38:33
2025-05-18 Hanging Pots SCHEDULED START: 15:25:35 STOP: 15:38:35
2025-05-18 Hanging Pots SCHEDULED START: 15:25:36 STOP: 15:38:36
2025-05-18 Hanging Pots SCHEDULED START: 15:25:38 STOP: 15:38:38
2025-05-18 Hanging Pots SCHEDULED START: 15:25:39 STOP: 15:38:39
2025-05-18 Hanging Pots SCHEDULED START: 15:25:40 STOP: 15:38:40
2025-05-18 Hanging Pots SCHEDULED START: 15:25:42 STOP: 15:38:42
2025-05-18 Hanging Pots SCHEDULED START: 15:25:43 STOP: 15:38:43
2025-05-18 Hanging Pots SCHEDULED START: 15:25:45 STOP: 15:38:45
2025-05-18 Hanging Pots SCHEDULED START: 15:25:46 STOP: 15:38:46
2025-05-18 Hanging Pots SCHEDULED START: 15:25:48 STOP: 15:38:48
2025-05-18 Hanging Pots SCHEDULED START: 15:25:49 STOP: 15:38:49
2025-05-18 Hanging Pots SCHEDULED START: 15:25:50 STOP: 15:38:50
2025-05-18 Hanging Pots SCHEDULED START: 15:25:52 STOP: 15:38:52
2025-05-18 Hanging Pots SCHEDULED START: 15:25:53 STOP: 15:38:53
2025-05-18 Hanging Pots SCHEDULED START: 15:25:55 STOP: 15:38:55
2025-05-18 Hanging Pots SCHEDULED START: 15:25:56 STOP: 15:38:56
2025-05-18 Hanging Pots SCHEDULED START: 15:25:58 STOP: 15:38:58
2025-05-18 Hanging Pots SCHEDULED START: 15:25:59 STOP: 15:38:59
2025-05-18 Garden SCHEDULED START: 15:25:01 STOP: 15:43:01
2025-05-18 Garden SCHEDULED START: 15:25:02 STOP: 15:43:02
2025-05-18 Garden SCHEDULED START: 15:25:03 STOP: 15:43:03
2025-05-18 Garden SCHEDULED START: 15:25:05 STOP: 15:43:05
2025-05-18 Garden SCHEDULED START: 15:25:06 STOP: 15:43:06
2025-05-18 Garden SCHEDULED START: 15:25:08 STOP: 15:43:08
2025-05-18 Garden SCHEDULED START: 15:25:09 STOP: 15:43:09
2025-05-18 Garden SCHEDULED START: 15:25:10 STOP: 15:43:10
2025-05-18 Garden SCHEDULED START: 15:25:12 STOP: 15:43:12
2025-05-18 Garden SCHEDULED START: 15:25:13 STOP: 15:43:13
2025-05-18 Garden SCHEDULED START: 15:25:14 STOP: 15:43:14
2025-05-18 Garden SCHEDULED START: 15:25:16 STOP: 15:43:16
2025-05-18 Garden SCHEDULED START: 15:25:17 STOP: 15:43:17
2025-05-18 Garden SCHEDULED START: 15:25:18 STOP: 15:43:18
2025-05-18 Garden SCHEDULED START: 15:25:20 STOP: 15:43:20
2025-05-18 Garden SCHEDULED START: 15:25:21 STOP: 15:43:21
2025-05-18 Garden SCHEDULED START: 15:25:22 STOP: 15:43:23
2025-05-18 Garden SCHEDULED START: 15:25:24 STOP: 15:43:24
2025-05-18 Garden SCHEDULED START: 15:25:25 STOP: 15:43:25
2025-05-18 Garden SCHEDULED START: 15:25:27 STOP: 15:43:27
2025-05-18 Garden SCHEDULED START: 15:25:28 STOP: 15:43:28
2025-05-18 Garden SCHEDULED START: 15:25:29 STOP: 15:43:30
2025-05-18 Garden SCHEDULED START: 15:25:31 STOP: 15:43:31
2025-05-18 Garden SCHEDULED START: 15:25:32 STOP: 15:43:32
2025-05-18 Garden SCHEDULED START: 15:25:33 STOP: 15:43:33
2025-05-18 Garden SCHEDULED START: 15:25:35 STOP: 15:43:35
2025-05-18 Garden SCHEDULED START: 15:25:36 STOP: 15:43:36
2025-05-18 Garden SCHEDULED START: 15:25:38 STOP: 15:43:38
2025-05-18 Garden SCHEDULED START: 15:25:39 STOP: 15:43:39
2025-05-18 Garden SCHEDULED START: 15:25:40 STOP: 15:43:40
2025-05-18 Garden SCHEDULED START: 15:25:42 STOP: 15:43:42
2025-05-18 Garden SCHEDULED START: 15:25:43 STOP: 15:43:43
2025-05-18 Garden SCHEDULED START: 15:25:45 STOP: 15:43:45
2025-05-18 Garden SCHEDULED START: 15:25:46 STOP: 15:43:46
2025-05-18 Garden SCHEDULED START: 15:25:48 STOP: 15:43:48
2025-05-18 Garden SCHEDULED START: 15:25:49 STOP: 15:43:49
2025-05-18 Garden SCHEDULED START: 15:25:50 STOP: 15:43:51
2025-05-18 Garden SCHEDULED START: 15:25:52 STOP: 15:43:52
2025-05-18 Garden SCHEDULED START: 15:25:53 STOP: 15:43:53
2025-05-18 Garden SCHEDULED START: 15:25:55 STOP: 15:43:55
2025-05-18 Garden SCHEDULED START: 15:25:56 STOP: 15:43:56
2025-05-18 Garden SCHEDULED START: 15:25:58 STOP: 15:43:58
2025-05-18 Garden SCHEDULED START: 15:25:59 STOP: 15:43:59
2025-05-18 Hanging Pots MANUAL START: 20:49:17 STOP: 20:58:17
2025-05-18 Hanging Pots MANUAL START: 21:10:43 STOP: 21:29:44
2025-05-19 Garden MANUAL START: 05:45:19 STOP: 06:02:19
2025-05-19 Misters SCHEDULED START: 09:10:00 STOP: 09:11:00
2025-05-19 Misters SCHEDULED START: 09:10:02 STOP: 09:11:02
2025-05-19 Misters SCHEDULED START: 09:10:03 STOP: 09:11:03
2025-05-19 Misters SCHEDULED START: 09:10:04 STOP: 09:11:04
2025-05-19 Misters SCHEDULED START: 09:10:06 STOP: 09:11:06
2025-05-19 Misters SCHEDULED START: 09:10:07 STOP: 09:11:07
2025-05-19 Misters SCHEDULED START: 09:10:09 STOP: 09:11:09
2025-05-19 Misters SCHEDULED START: 09:10:10 STOP: 09:11:10
2025-05-19 Misters SCHEDULED START: 09:10:12 STOP: 09:11:12
2025-05-19 Misters SCHEDULED START: 09:10:13 STOP: 09:11:13
2025-05-19 Misters SCHEDULED START: 09:10:14 STOP: 09:11:14
2025-05-19 Misters SCHEDULED START: 09:10:16 STOP: 09:11:16
2025-05-19 Misters SCHEDULED START: 09:10:17 STOP: 09:11:17
2025-05-19 Misters SCHEDULED START: 09:10:19 STOP: 09:11:19
2025-05-19 Misters SCHEDULED START: 09:10:20 STOP: 09:11:20
2025-05-19 Misters SCHEDULED START: 09:10:22 STOP: 09:11:22
2025-05-19 Misters SCHEDULED START: 09:10:23 STOP: 09:11:23
2025-05-19 Misters SCHEDULED START: 09:10:24 STOP: 09:11:24
2025-05-19 Misters SCHEDULED START: 09:10:26 STOP: 09:11:26
2025-05-19 Misters SCHEDULED START: 09:10:28 STOP: 09:11:28
2025-05-19 Misters SCHEDULED START: 09:10:29 STOP: 09:11:29
2025-05-19 Misters SCHEDULED START: 09:10:30 STOP: 09:11:30
2025-05-19 Misters SCHEDULED START: 09:10:32 STOP: 09:11:32
2025-05-19 Misters SCHEDULED START: 09:10:33 STOP: 09:11:33
2025-05-19 Misters SCHEDULED START: 09:10:35 STOP: 09:11:35
2025-05-19 Misters SCHEDULED START: 09:10:36 STOP: 09:11:36
2025-05-19 Misters SCHEDULED START: 09:10:37 STOP: 09:11:37
2025-05-19 Misters SCHEDULED START: 09:10:39 STOP: 09:11:39
2025-05-19 Misters SCHEDULED START: 09:10:40 STOP: 09:11:40
2025-05-19 Misters SCHEDULED START: 09:10:42 STOP: 09:11:42
2025-05-19 Misters SCHEDULED START: 09:10:43 STOP: 09:11:43
2025-05-19 Misters SCHEDULED START: 09:10:44 STOP: 09:11:44
2025-05-19 Misters SCHEDULED START: 09:10:46 STOP: 09:11:46
2025-05-19 Misters SCHEDULED START: 09:10:47 STOP: 09:11:47
2025-05-19 Misters SCHEDULED START: 09:10:49 STOP: 09:11:49
2025-05-19 Misters SCHEDULED START: 09:10:50 STOP: 09:11:50
2025-05-19 Misters SCHEDULED START: 09:10:51 STOP: 09:11:52
2025-05-19 Misters SCHEDULED START: 09:10:53 STOP: 09:11:53
2025-05-19 Misters SCHEDULED START: 09:10:54 STOP: 09:11:54
2025-05-19 Misters SCHEDULED START: 09:10:56 STOP: 09:11:56
2025-05-19 Misters SCHEDULED START: 09:10:57 STOP: 09:11:57
2025-05-19 Misters SCHEDULED START: 09:10:59 STOP: 09:11:59
2025-05-19 Hanging Pots SCHEDULED START: 09:10:00 STOP: 09:23:00
2025-05-19 Hanging Pots SCHEDULED START: 09:10:02 STOP: 09:23:02
2025-05-19 Hanging Pots SCHEDULED START: 09:10:03 STOP: 09:23:03
2025-05-19 Hanging Pots SCHEDULED START: 09:10:04 STOP: 09:23:04
2025-05-19 Hanging Pots SCHEDULED START: 09:10:06 STOP: 09:23:06
2025-05-19 Hanging Pots SCHEDULED START: 09:10:07 STOP: 09:23:07
2025-05-19 Hanging Pots SCHEDULED START: 09:10:09 STOP: 09:23:09
2025-05-19 Hanging Pots SCHEDULED START: 09:10:10 STOP: 09:23:10
2025-05-19 Hanging Pots SCHEDULED START: 09:10:12 STOP: 09:23:12
2025-05-19 Hanging Pots SCHEDULED START: 09:10:13 STOP: 09:23:13
2025-05-19 Hanging Pots SCHEDULED START: 09:10:14 STOP: 09:23:14
2025-05-19 Hanging Pots SCHEDULED START: 09:10:16 STOP: 09:23:16
2025-05-19 Hanging Pots SCHEDULED START: 09:10:17 STOP: 09:23:17
2025-05-19 Hanging Pots SCHEDULED START: 09:10:19 STOP: 09:23:19
2025-05-19 Hanging Pots SCHEDULED START: 09:10:20 STOP: 09:23:20
2025-05-19 Hanging Pots SCHEDULED START: 09:10:22 STOP: 09:23:22
2025-05-19 Hanging Pots SCHEDULED START: 09:10:23 STOP: 09:23:23
2025-05-19 Hanging Pots SCHEDULED START: 09:10:24 STOP: 09:23:25
2025-05-19 Hanging Pots SCHEDULED START: 09:10:26 STOP: 09:23:26
2025-05-19 Hanging Pots SCHEDULED START: 09:10:28 STOP: 09:23:28
2025-05-19 Hanging Pots SCHEDULED START: 09:10:29 STOP: 09:23:29
2025-05-19 Hanging Pots SCHEDULED START: 09:10:30 STOP: 09:23:31
2025-05-19 Hanging Pots SCHEDULED START: 09:10:32 STOP: 09:23:32
2025-05-19 Hanging Pots SCHEDULED START: 09:10:33 STOP: 09:23:33
2025-05-19 Hanging Pots SCHEDULED START: 09:10:35 STOP: 09:23:35
2025-05-19 Hanging Pots SCHEDULED START: 09:10:36 STOP: 09:23:36
2025-05-19 Hanging Pots SCHEDULED START: 09:10:37 STOP: 09:23:38
2025-05-19 Hanging Pots SCHEDULED START: 09:10:39 STOP: 09:23:39
2025-05-19 Hanging Pots SCHEDULED START: 09:10:40 STOP: 09:23:40
2025-05-19 Hanging Pots SCHEDULED START: 09:10:42 STOP: 09:23:42
2025-05-19 Hanging Pots SCHEDULED START: 09:10:43 STOP: 09:23:43
2025-05-19 Hanging Pots SCHEDULED START: 09:10:44 STOP: 09:23:45
2025-05-19 Hanging Pots SCHEDULED START: 09:10:46 STOP: 09:23:46
2025-05-19 Hanging Pots SCHEDULED START: 09:10:47 STOP: 09:23:47
2025-05-19 Hanging Pots SCHEDULED START: 09:10:49 STOP: 09:23:49
2025-05-19 Hanging Pots SCHEDULED START: 09:10:50 STOP: 09:23:50
2025-05-19 Hanging Pots SCHEDULED START: 09:10:51 STOP: 09:23:52
2025-05-19 Hanging Pots SCHEDULED START: 09:10:53 STOP: 09:23:53
2025-05-19 Hanging Pots SCHEDULED START: 09:10:54 STOP: 09:23:54
2025-05-19 Hanging Pots SCHEDULED START: 09:10:56 STOP: 09:23:56
2025-05-19 Hanging Pots SCHEDULED START: 09:10:57 STOP: 09:23:57
2025-05-19 Hanging Pots SCHEDULED START: 09:10:59 STOP: 09:23:59
2025-05-19 Misters MIST_90 START: 09:24:36 STOP: 09:26:36
2025-05-19 Misters MIST_95 START: 09:24:36 STOP: 09:26:36
2025-05-19 Garden SCHEDULED START: 09:10:00 STOP: 09:28:00
2025-05-19 Garden SCHEDULED START: 09:10:02 STOP: 09:28:02
2025-05-19 Garden SCHEDULED START: 09:10:03 STOP: 09:28:03
2025-05-19 Garden SCHEDULED START: 09:10:04 STOP: 09:28:05
2025-05-19 Garden SCHEDULED START: 09:10:06 STOP: 09:28:06
2025-05-19 Garden SCHEDULED START: 09:10:07 STOP: 09:28:07
2025-05-19 Garden SCHEDULED START: 09:10:09 STOP: 09:28:09
2025-05-19 Garden SCHEDULED START: 09:10:10 STOP: 09:28:10
2025-05-19 Garden SCHEDULED START: 09:10:12 STOP: 09:28:12
2025-05-19 Garden SCHEDULED START: 09:10:13 STOP: 09:28:13
2025-05-19 Garden SCHEDULED START: 09:10:14 STOP: 09:28:14
2025-05-19 Garden SCHEDULED START: 09:10:16 STOP: 09:28:16
2025-05-19 Garden SCHEDULED START: 09:10:17 STOP: 09:28:17
2025-05-19 Garden SCHEDULED START: 09:10:19 STOP: 09:28:19
2025-05-19 Garden SCHEDULED START: 09:10:20 STOP: 09:28:20
2025-05-19 Garden SCHEDULED START: 09:10:22 STOP: 09:28:22
2025-05-19 Garden SCHEDULED START: 09:10:23 STOP: 09:28:23
2025-05-19 Garden SCHEDULED START: 09:10:24 STOP: 09:28:25
2025-05-19 Garden SCHEDULED START: 09:10:26 STOP: 09:28:26
2025-05-19 Garden SCHEDULED START: 09:10:28 STOP: 09:28:28
2025-05-19 Garden SCHEDULED START: 09:10:29 STOP: 09:28:29
2025-05-19 Garden SCHEDULED START: 09:10:30 STOP: 09:28:31
2025-05-19 Garden SCHEDULED START: 09:10:32 STOP: 09:28:32
2025-05-19 Garden SCHEDULED START: 09:10:33 STOP: 09:28:33
2025-05-19 Garden SCHEDULED START: 09:10:35 STOP: 09:28:35
2025-05-19 Garden SCHEDULED START: 09:10:36 STOP: 09:28:36
2025-05-19 Garden SCHEDULED START: 09:10:37 STOP: 09:28:38
2025-05-19 Garden SCHEDULED START: 09:10:39 STOP: 09:28:39
2025-05-19 Garden SCHEDULED START: 09:10:40 STOP: 09:28:40
2025-05-19 Garden SCHEDULED START: 09:10:42 STOP: 09:28:42
2025-05-19 Garden SCHEDULED START: 09:10:43 STOP: 09:28:43
2025-05-19 Garden SCHEDULED START: 09:10:44 STOP: 09:28:45
2025-05-19 Garden SCHEDULED START: 09:10:46 STOP: 09:28:46
2025-05-19 Garden SCHEDULED START: 09:10:47 STOP: 09:28:47
2025-05-19 Garden SCHEDULED START: 09:10:49 STOP: 09:28:49
2025-05-19 Garden SCHEDULED START: 09:10:50 STOP: 09:28:50
2025-05-19 Garden SCHEDULED START: 09:10:51 STOP: 09:28:52
2025-05-19 Garden SCHEDULED START: 09:10:53 STOP: 09:28:53
2025-05-19 Garden SCHEDULED START: 09:10:54 STOP: 09:28:54
2025-05-19 Garden SCHEDULED START: 09:10:56 STOP: 09:28:56
2025-05-19 Garden SCHEDULED START: 09:10:57 STOP: 09:28:57
2025-05-19 Garden SCHEDULED START: 09:10:59 STOP: 09:28:59
2025-05-19 Misters MIST_90 START: 11:20:21 STOP: 11:22:21
2025-05-19 Misters MIST_95 START: 11:20:21 STOP: 11:22:21
2025-05-19 Misters MIST_90 START: 12:36:39 STOP: 12:38:39
2025-05-19 Misters MIST_95 START: 12:36:39 STOP: 12:38:39
2025-05-19 Misters SCHEDULED START: 15:25:01 STOP: 15:26:01
2025-05-19 Misters SCHEDULED START: 15:25:02 STOP: 15:26:02
2025-05-19 Misters SCHEDULED START: 15:25:03 STOP: 15:26:03
2025-05-19 Misters SCHEDULED START: 15:25:05 STOP: 15:26:05
2025-05-19 Misters SCHEDULED START: 15:25:06 STOP: 15:26:06
2025-05-19 Misters SCHEDULED START: 15:25:07 STOP: 15:26:07
2025-05-19 Misters SCHEDULED START: 15:25:09 STOP: 15:26:09
2025-05-19 Misters SCHEDULED START: 15:25:10 STOP: 15:26:10
2025-05-19 Misters SCHEDULED START: 15:25:11 STOP: 15:26:11
2025-05-19 Misters SCHEDULED START: 15:25:13 STOP: 15:26:13
2025-05-19 Misters SCHEDULED START: 15:25:14 STOP: 15:26:14
2025-05-19 Misters SCHEDULED START: 15:25:16 STOP: 15:26:16
2025-05-19 Misters SCHEDULED START: 15:25:17 STOP: 15:26:17
2025-05-19 Misters SCHEDULED START: 15:25:18 STOP: 15:26:18
2025-05-19 Misters SCHEDULED START: 15:25:20 STOP: 15:26:20
2025-05-19 Misters SCHEDULED START: 15:25:21 STOP: 15:26:21
2025-05-19 Misters SCHEDULED START: 15:25:22 STOP: 15:26:22
2025-05-19 Misters SCHEDULED START: 15:25:24 STOP: 15:26:24
2025-05-19 Misters SCHEDULED START: 15:25:25 STOP: 15:26:25
2025-05-19 Misters SCHEDULED START: 15:25:27 STOP: 15:26:27
2025-05-19 Misters SCHEDULED START: 15:25:28 STOP: 15:26:28
2025-05-19 Misters SCHEDULED START: 15:25:29 STOP: 15:26:29
2025-05-19 Misters SCHEDULED START: 15:25:31 STOP: 15:26:31
2025-05-19 Misters SCHEDULED START: 15:25:32 STOP: 15:26:32
2025-05-19 Misters SCHEDULED START: 15:25:33 STOP: 15:26:34
2025-05-19 Misters SCHEDULED START: 15:25:35 STOP: 15:26:35
2025-05-19 Misters SCHEDULED START: 15:25:36 STOP: 15:26:36
2025-05-19 Misters SCHEDULED START: 15:25:38 STOP: 15:26:38
2025-05-19 Misters SCHEDULED START: 15:25:39 STOP: 15:26:39
2025-05-19 Misters SCHEDULED START: 15:25:40 STOP: 15:26:40
2025-05-19 Misters SCHEDULED START: 15:25:42 STOP: 15:26:42
2025-05-19 Misters SCHEDULED START: 15:25:43 STOP: 15:26:43
2025-05-19 Misters SCHEDULED START: 15:25:44 STOP: 15:26:44
2025-05-19 Misters SCHEDULED START: 15:25:46 STOP: 15:26:46
2025-05-19 Misters SCHEDULED START: 15:25:47 STOP: 15:26:47
2025-05-19 Misters SCHEDULED START: 15:25:49 STOP: 15:26:49
2025-05-19 Misters SCHEDULED START: 15:25:50 STOP: 15:26:50
2025-05-19 Misters SCHEDULED START: 15:25:51 STOP: 15:26:51
2025-05-19 Misters SCHEDULED START: 15:25:53 STOP: 15:26:53
2025-05-19 Misters SCHEDULED START: 15:25:54 STOP: 15:26:54
2025-05-19 Misters SCHEDULED START: 15:25:56 STOP: 15:26:56
2025-05-19 Misters SCHEDULED START: 15:25:57 STOP: 15:26:57
2025-05-19 Misters SCHEDULED START: 15:25:58 STOP: 15:26:58
2025-05-19 Hanging Pots SCHEDULED START: 15:25:01 STOP: 15:38:01
2025-05-19 Hanging Pots SCHEDULED START: 15:25:02 STOP: 15:38:02
2025-05-19 Hanging Pots SCHEDULED START: 15:25:03 STOP: 15:38:03
2025-05-19 Hanging Pots SCHEDULED START: 15:25:05 STOP: 15:38:05
2025-05-19 Hanging Pots SCHEDULED START: 15:25:06 STOP: 15:38:06
2025-05-19 Hanging Pots SCHEDULED START: 15:25:07 STOP: 15:38:07
2025-05-19 Hanging Pots SCHEDULED START: 15:25:09 STOP: 15:38:09
2025-05-19 Hanging Pots SCHEDULED START: 15:25:10 STOP: 15:38:10
2025-05-19 Hanging Pots SCHEDULED START: 15:25:11 STOP: 15:38:12
2025-05-19 Hanging Pots SCHEDULED START: 15:25:13 STOP: 15:38:13
2025-05-19 Hanging Pots SCHEDULED START: 15:25:14 STOP: 15:38:14
2025-05-19 Hanging Pots SCHEDULED START: 15:25:16 STOP: 15:38:16
2025-05-19 Hanging Pots SCHEDULED START: 15:25:17 STOP: 15:38:17
2025-05-19 Hanging Pots SCHEDULED START: 15:25:18 STOP: 15:38:18
2025-05-19 Hanging Pots SCHEDULED START: 15:25:20 STOP: 15:38:20
2025-05-19 Hanging Pots SCHEDULED START: 15:25:21 STOP: 15:38:21
2025-05-19 Hanging Pots SCHEDULED START: 15:25:22 STOP: 15:38:23
2025-05-19 Hanging Pots SCHEDULED START: 15:25:24 STOP: 15:38:24
2025-05-19 Hanging Pots SCHEDULED START: 15:25:25 STOP: 15:38:25
2025-05-19 Hanging Pots SCHEDULED START: 15:25:27 STOP: 15:38:27
2025-05-19 Hanging Pots SCHEDULED START: 15:25:28 STOP: 15:38:28
2025-05-19 Hanging Pots SCHEDULED START: 15:25:29 STOP: 15:38:29
2025-05-19 Hanging Pots SCHEDULED START: 15:25:31 STOP: 15:38:31
2025-05-19 Hanging Pots SCHEDULED START: 15:25:32 STOP: 15:38:32
2025-05-19 Hanging Pots SCHEDULED START: 15:25:33 STOP: 15:38:34
2025-05-19 Hanging Pots SCHEDULED START: 15:25:35 STOP: 15:38:35
2025-05-19 Hanging Pots SCHEDULED START: 15:25:36 STOP: 15:38:36
2025-05-19 Hanging Pots SCHEDULED START: 15:25:38 STOP: 15:38:38
2025-05-19 Hanging Pots SCHEDULED START: 15:25:39 STOP: 15:38:39
2025-05-19 Hanging Pots SCHEDULED START: 15:25:40 STOP: 15:38:40
2025-05-19 Hanging Pots SCHEDULED START: 15:25:42 STOP: 15:38:42
2025-05-19 Hanging Pots SCHEDULED START: 15:25:43 STOP: 15:38:43
2025-05-19 Hanging Pots SCHEDULED START: 15:25:44 STOP: 15:38:45
2025-05-19 Hanging Pots SCHEDULED START: 15:25:46 STOP: 15:38:46
2025-05-19 Hanging Pots SCHEDULED START: 15:25:47 STOP: 15:38:47
2025-05-19 Hanging Pots SCHEDULED START: 15:25:49 STOP: 15:38:49
2025-05-19 Hanging Pots SCHEDULED START: 15:25:50 STOP: 15:38:50
2025-05-19 Hanging Pots SCHEDULED START: 15:25:51 STOP: 15:38:52
2025-05-19 Hanging Pots SCHEDULED START: 15:25:53 STOP: 15:38:53
2025-05-19 Hanging Pots SCHEDULED START: 15:25:54 STOP: 15:38:54
2025-05-19 Hanging Pots SCHEDULED START: 15:25:56 STOP: 15:38:56
2025-05-19 Hanging Pots SCHEDULED START: 15:25:57 STOP: 15:38:57
2025-05-19 Hanging Pots SCHEDULED START: 15:25:58 STOP: 15:38:59
2025-05-19 Garden SCHEDULED START: 15:25:01 STOP: 15:43:01
2025-05-19 Garden SCHEDULED START: 15:25:02 STOP: 15:43:02
2025-05-19 Garden SCHEDULED START: 15:25:03 STOP: 15:43:04
2025-05-19 Garden SCHEDULED START: 15:25:05 STOP: 15:43:05
2025-05-19 Garden SCHEDULED START: 15:25:06 STOP: 15:43:06
2025-05-19 Garden SCHEDULED START: 15:25:07 STOP: 15:43:08
2025-05-19 Garden SCHEDULED START: 15:25:09 STOP: 15:43:09
2025-05-19 Garden SCHEDULED START: 15:25:10 STOP: 15:43:10
2025-05-19 Garden SCHEDULED START: 15:25:11 STOP: 15:43:12
2025-05-19 Garden SCHEDULED START: 15:25:13 STOP: 15:43:13
2025-05-19 Garden SCHEDULED START: 15:25:14 STOP: 15:43:14
2025-05-19 Garden SCHEDULED START: 15:25:16 STOP: 15:43:16
2025-05-19 Garden SCHEDULED START: 15:25:17 STOP: 15:43:17
2025-05-19 Garden SCHEDULED START: 15:25:18 STOP: 15:43:18
2025-05-19 Garden SCHEDULED START: 15:25:20 STOP: 15:43:20
2025-05-19 Garden SCHEDULED START: 15:25:21 STOP: 15:43:21
2025-05-19 Garden SCHEDULED START: 15:25:22 STOP: 15:43:23
2025-05-19 Garden SCHEDULED START: 15:25:24 STOP: 15:43:24
2025-05-19 Garden SCHEDULED START: 15:25:25 STOP: 15:43:25
2025-05-19 Garden SCHEDULED START: 15:25:27 STOP: 15:43:27
2025-05-19 Garden SCHEDULED START: 15:25:28 STOP: 15:43:28
2025-05-19 Garden SCHEDULED START: 15:25:29 STOP: 15:43:29
2025-05-19 Garden SCHEDULED START: 15:25:31 STOP: 15:43:31
2025-05-19 Garden SCHEDULED START: 15:25:32 STOP: 15:43:32
2025-05-19 Garden SCHEDULED START: 15:25:33 STOP: 15:43:34
2025-05-19 Garden SCHEDULED START: 15:25:35 STOP: 15:43:35
2025-05-19 Garden SCHEDULED START: 15:25:36 STOP: 15:43:36
2025-05-19 Garden SCHEDULED START: 15:25:38 STOP: 15:43:38
2025-05-19 Garden SCHEDULED START: 15:25:39 STOP: 15:43:39
2025-05-19 Garden SCHEDULED START: 15:25:40 STOP: 15:43:40
2025-05-19 Garden SCHEDULED START: 15:25:42 STOP: 15:43:42
2025-05-19 Garden SCHEDULED START: 15:25:43 STOP: 15:43:43
2025-05-19 Garden SCHEDULED START: 15:25:44 STOP: 15:43:45
2025-05-19 Garden SCHEDULED START: 15:25:46 STOP: 15:43:46
2025-05-19 Garden SCHEDULED START: 15:25:47 STOP: 15:43:47
2025-05-19 Garden SCHEDULED START: 15:25:49 STOP: 15:43:49
2025-05-19 Garden SCHEDULED START: 15:25:50 STOP: 15:43:50
2025-05-19 Garden SCHEDULED START: 15:25:51 STOP: 15:43:52
2025-05-19 Garden SCHEDULED START: 15:25:53 STOP: 15:43:53
2025-05-19 Garden SCHEDULED START: 15:25:54 STOP: 15:43:54
2025-05-19 Garden SCHEDULED START: 15:25:56 STOP: 15:43:56
2025-05-19 Garden SCHEDULED START: 15:25:57 STOP: 15:43:57
2025-05-19 Garden SCHEDULED START: 15:25:58 STOP: 15:43:59
2025-05-20 Hanging Pots MANUAL START: 19:29:50 STOP: 19:48:50
2025-05-20 Hanging Pots MANUAL START: 19:34:23 STOP: 19:53:24
2025-05-20 Hanging Pots MANUAL START: 19:39:27 STOP: 19:58:27
2025-05-20 Hanging Pots MANUAL START: 19:48:56 STOP: 20:07:56
2025-05-21 Misters SCHEDULED START: 09:10:00 STOP: 09:11:00
2025-05-21 Misters SCHEDULED START: 09:10:02 STOP: 09:11:02
2025-05-21 Misters SCHEDULED START: 09:10:03 STOP: 09:11:03
2025-05-21 Misters SCHEDULED START: 09:10:04 STOP: 09:11:04
2025-05-21 Misters SCHEDULED START: 09:10:06 STOP: 09:11:06
2025-05-21 Misters SCHEDULED START: 09:10:07 STOP: 09:11:07
2025-05-21 Misters SCHEDULED START: 09:10:09 STOP: 09:11:09
2025-05-21 Misters SCHEDULED START: 09:10:10 STOP: 09:11:10
2025-05-21 Misters SCHEDULED START: 09:10:11 STOP: 09:11:12
2025-05-21 Misters SCHEDULED START: 09:10:13 STOP: 09:11:13
2025-05-21 Misters SCHEDULED START: 09:10:14 STOP: 09:11:14
2025-05-21 Misters SCHEDULED START: 09:10:16 STOP: 09:11:16
2025-05-21 Misters SCHEDULED START: 09:10:17 STOP: 09:11:17
2025-05-21 Misters SCHEDULED START: 09:10:18 STOP: 09:11:18
2025-05-21 Misters SCHEDULED START: 09:10:20 STOP: 09:11:20
2025-05-21 Misters SCHEDULED START: 09:10:21 STOP: 09:11:21
2025-05-21 Misters SCHEDULED START: 09:10:23 STOP: 09:11:23
2025-05-21 Misters SCHEDULED START: 09:10:24 STOP: 09:11:24
2025-05-21 Misters SCHEDULED START: 09:10:25 STOP: 09:11:26
2025-05-21 Misters SCHEDULED START: 09:10:27 STOP: 09:11:27
2025-05-21 Misters SCHEDULED START: 09:10:28 STOP: 09:11:28
2025-05-21 Misters SCHEDULED START: 09:10:30 STOP: 09:11:30
2025-05-21 Misters SCHEDULED START: 09:10:31 STOP: 09:11:31
2025-05-21 Misters SCHEDULED START: 09:10:32 STOP: 09:11:32
2025-05-21 Misters SCHEDULED START: 09:10:34 STOP: 09:11:34
2025-05-21 Misters SCHEDULED START: 09:10:35 STOP: 09:11:35
2025-05-21 Misters SCHEDULED START: 09:10:37 STOP: 09:11:37
2025-05-21 Misters SCHEDULED START: 09:10:38 STOP: 09:11:38
2025-05-21 Misters SCHEDULED START: 09:10:39 STOP: 09:11:39
2025-05-21 Misters SCHEDULED START: 09:10:41 STOP: 09:11:41
2025-05-21 Misters SCHEDULED START: 09:10:42 STOP: 09:11:43
2025-05-21 Misters SCHEDULED START: 09:10:44 STOP: 09:11:44
2025-05-21 Misters SCHEDULED START: 09:10:45 STOP: 09:11:45
2025-05-21 Misters SCHEDULED START: 09:10:47 STOP: 09:11:47
2025-05-21 Misters SCHEDULED START: 09:10:48 STOP: 09:11:49
2025-05-21 Misters SCHEDULED START: 09:10:50 STOP: 09:11:50
2025-05-21 Misters SCHEDULED START: 09:10:51 STOP: 09:11:51
2025-05-21 Misters SCHEDULED START: 09:10:53 STOP: 09:11:53
2025-05-21 Misters SCHEDULED START: 09:10:54 STOP: 09:11:54
2025-05-21 Misters SCHEDULED START: 09:10:56 STOP: 09:11:56
2025-05-21 Misters SCHEDULED START: 09:10:57 STOP: 09:11:57
2025-05-21 Misters SCHEDULED START: 09:10:58 STOP: 09:11:59
2025-05-21 Hanging Pots SCHEDULED START: 09:10:30 STOP: 09:58:58
2025-05-21 Hanging Pots SCHEDULED START: 09:10:03 STOP: 09:58:58
2025-05-21 Hanging Pots SCHEDULED START: 09:10:35 STOP: 09:58:58
2025-05-21 Hanging Pots SCHEDULED START: 09:10:28 STOP: 09:58:58
2025-05-21 Hanging Pots SCHEDULED START: 09:10:23 STOP: 09:58:58
2025-05-21 Hanging Pots SCHEDULED START: 09:10:07 STOP: 09:58:58
2025-05-21 Hanging Pots SCHEDULED START: 09:10:02 STOP: 09:58:58
2025-05-21 Hanging Pots SCHEDULED START: 09:10:06 STOP: 09:58:58
2025-05-21 Hanging Pots SCHEDULED START: 09:10:04 STOP: 09:58:58
2025-05-21 Hanging Pots SCHEDULED START: 09:10:41 STOP: 09:58:58
2025-05-21 Hanging Pots SCHEDULED START: 09:10:10 STOP: 09:58:58
2025-05-21 Hanging Pots SCHEDULED START: 09:10:13 STOP: 09:58:58
2025-05-21 Hanging Pots SCHEDULED START: 09:10:09 STOP: 09:58:58
2025-05-21 Hanging Pots SCHEDULED START: 09:10:18 STOP: 09:58:58
2025-05-21 Hanging Pots SCHEDULED START: 09:10:20 STOP: 09:58:58
2025-05-21 Hanging Pots SCHEDULED START: 09:10:17 STOP: 09:58:58
2025-05-21 Hanging Pots SCHEDULED START: 09:10:37 STOP: 09:58:58
2025-05-21 Hanging Pots SCHEDULED START: 09:10:27 STOP: 09:58:58
2025-05-21 Hanging Pots SCHEDULED START: 09:10:34 STOP: 09:58:58
2025-05-21 Hanging Pots SCHEDULED START: 09:10:25 STOP: 09:58:58
2025-05-21 Hanging Pots SCHEDULED START: 09:10:24 STOP: 09:58:58
2025-05-21 Hanging Pots SCHEDULED START: 09:10:32 STOP: 09:58:58
2025-05-21 Hanging Pots SCHEDULED START: 09:10:21 STOP: 09:58:58
2025-05-21 Hanging Pots SCHEDULED START: 09:10:14 STOP: 09:58:58
2025-05-21 Hanging Pots SCHEDULED START: 09:10:00 STOP: 09:58:58
2025-05-21 Hanging Pots SCHEDULED START: 09:10:39 STOP: 09:58:58
2025-05-21 Hanging Pots SCHEDULED START: 09:10:31 STOP: 09:58:58
2025-05-21 Hanging Pots SCHEDULED START: 09:10:16 STOP: 09:58:58
2025-05-21 Hanging Pots SCHEDULED START: 09:10:11 STOP: 09:58:58
2025-05-21 Hanging Pots SCHEDULED START: 09:10:38 STOP: 09:58:58
2025-05-21 Hanging Pots SCHEDULED START: 09:10:45 STOP: 09:59:57
2025-05-21 Hanging Pots SCHEDULED START: 09:10:56 STOP: 09:59:57
2025-05-21 Hanging Pots SCHEDULED START: 09:10:48 STOP: 09:59:58
2025-05-21 Hanging Pots SCHEDULED START: 09:10:44 STOP: 09:59:58
2025-05-21 Hanging Pots SCHEDULED START: 09:10:51 STOP: 09:59:58
2025-05-21 Hanging Pots SCHEDULED START: 09:10:53 STOP: 09:59:58
2025-05-21 Hanging Pots SCHEDULED START: 09:10:57 STOP: 09:59:58
2025-05-21 Hanging Pots SCHEDULED START: 09:10:50 STOP: 09:59:58
2025-05-21 Hanging Pots SCHEDULED START: 09:10:42 STOP: 09:59:58
2025-05-21 Hanging Pots SCHEDULED START: 09:10:54 STOP: 09:59:58
2025-05-21 Hanging Pots SCHEDULED START: 09:10:58 STOP: 09:59:58
2025-05-21 Hanging Pots SCHEDULED START: 09:10:47 STOP: 09:59:58
2025-05-21 Garden SCHEDULED START: 09:10:02 STOP: 10:02:58
2025-05-21 Garden SCHEDULED START: 09:10:09 STOP: 10:02:58
2025-05-21 Garden SCHEDULED START: 09:10:14 STOP: 10:02:58
2025-05-21 Garden SCHEDULED START: 09:10:21 STOP: 10:02:58
2025-05-21 Garden SCHEDULED START: 09:10:17 STOP: 10:02:58
2025-05-21 Garden SCHEDULED START: 09:10:11 STOP: 10:02:58
2025-05-21 Garden SCHEDULED START: 09:10:04 STOP: 10:02:58
2025-05-21 Garden SCHEDULED START: 09:10:38 STOP: 10:02:58
2025-05-21 Garden SCHEDULED START: 09:10:23 STOP: 10:02:58
2025-05-21 Garden SCHEDULED START: 09:10:41 STOP: 10:02:58
2025-05-21 Garden SCHEDULED START: 09:10:34 STOP: 10:02:58
2025-05-21 Garden SCHEDULED START: 09:10:25 STOP: 10:02:58
2025-05-21 Garden SCHEDULED START: 09:10:00 STOP: 10:02:58
2025-05-21 Garden SCHEDULED START: 09:10:20 STOP: 10:02:58
2025-05-21 Garden SCHEDULED START: 09:10:30 STOP: 10:02:58
2025-05-21 Garden SCHEDULED START: 09:10:24 STOP: 10:02:58
2025-05-21 Garden SCHEDULED START: 09:10:16 STOP: 10:02:58
2025-05-21 Garden SCHEDULED START: 09:10:07 STOP: 10:02:58
2025-05-21 Garden SCHEDULED START: 09:10:03 STOP: 10:02:58
2025-05-21 Garden SCHEDULED START: 09:10:18 STOP: 10:02:58
2025-05-21 Garden SCHEDULED START: 09:10:39 STOP: 10:02:58
2025-05-21 Garden SCHEDULED START: 09:10:32 STOP: 10:02:58
2025-05-21 Garden SCHEDULED START: 09:10:06 STOP: 10:02:58
2025-05-21 Garden SCHEDULED START: 09:10:10 STOP: 10:02:58
2025-05-21 Garden SCHEDULED START: 09:10:13 STOP: 10:02:58
2025-05-21 Garden SCHEDULED START: 09:10:35 STOP: 10:02:58
2025-05-21 Garden SCHEDULED START: 09:10:27 STOP: 10:02:58
2025-05-21 Garden SCHEDULED START: 09:10:28 STOP: 10:02:58
2025-05-21 Garden SCHEDULED START: 09:10:37 STOP: 10:02:58
2025-05-21 Garden SCHEDULED START: 09:10:31 STOP: 10:02:58
2025-05-21 Garden SCHEDULED START: 09:10:42 STOP: 10:04:58
2025-05-21 Garden SCHEDULED START: 09:10:47 STOP: 10:04:58
2025-05-21 Garden SCHEDULED START: 09:10:54 STOP: 10:04:58
2025-05-21 Garden SCHEDULED START: 09:10:44 STOP: 10:04:58
2025-05-21 Garden SCHEDULED START: 09:10:56 STOP: 10:04:58
2025-05-21 Garden SCHEDULED START: 09:10:50 STOP: 10:04:58
2025-05-21 Garden SCHEDULED START: 09:10:53 STOP: 10:04:58
2025-05-21 Garden SCHEDULED START: 09:10:48 STOP: 10:04:58
2025-05-21 Garden SCHEDULED START: 09:10:58 STOP: 10:04:58
2025-05-21 Garden SCHEDULED START: 09:10:51 STOP: 10:04:58
2025-05-21 Garden SCHEDULED START: 09:10:45 STOP: 10:04:58
2025-05-21 Garden SCHEDULED START: 09:10:57 STOP: 10:04:58
2025-05-21 Hanging Pots MANUAL START: 11:04:20 STOP: 11:15:20
2025-05-21 Hanging Pots MANUAL START: 11:44:13 STOP: 12:03:13
2025-05-21 Garden MANUAL START: 12:33:13 STOP: 12:51:13
2025-05-21 Hanging Pots MANUAL START: 13:33:18 STOP: 13:52:19
2025-05-21 Misters SCHEDULED START: 15:25:01 STOP: 15:26:01
2025-05-21 Misters SCHEDULED START: 15:26:01 STOP: 15:27:01
2025-05-21 Misters SCHEDULED START: 15:27:01 STOP: 15:28:01
2025-05-21 Misters SCHEDULED START: 15:28:01 STOP: 15:29:01
2025-05-21 Misters SCHEDULED START: 15:29:01 STOP: 15:30:01
2025-05-21 Misters SCHEDULED START: 15:30:01 STOP: 15:31:01
2025-05-21 Misters SCHEDULED START: 15:31:01 STOP: 15:32:01
2025-05-21 Misters SCHEDULED START: 15:32:01 STOP: 15:33:01
2025-05-21 Misters SCHEDULED START: 15:33:01 STOP: 15:34:01
2025-05-21 Misters SCHEDULED START: 15:34:01 STOP: 15:35:01
2025-05-21 Misters SCHEDULED START: 15:35:01 STOP: 15:36:01
2025-05-21 Misters SCHEDULED START: 15:36:01 STOP: 15:37:01
2025-05-21 Hanging Pots SCHEDULED START: 15:25:01 STOP: 15:38:01
2025-05-21 Misters SCHEDULED START: 15:37:01 STOP: 15:38:01
2025-05-21 Misters SCHEDULED START: 15:38:01 STOP: 15:39:01
2025-05-21 Misters SCHEDULED START: 15:39:01 STOP: 15:40:01
2025-05-21 Misters SCHEDULED START: 15:40:01 STOP: 15:41:01
2025-05-21 Misters SCHEDULED START: 15:41:01 STOP: 15:42:01
2025-05-21 Garden SCHEDULED START: 15:25:01 STOP: 15:43:01
2025-05-21 Misters SCHEDULED START: 15:42:01 STOP: 15:43:01
2025-05-21 Misters SCHEDULED START: 15:43:01 STOP: 15:44:01
2025-05-21 Misters SCHEDULED START: 15:44:01 STOP: 15:45:01
2025-05-21 Misters SCHEDULED START: 15:45:01 STOP: 15:46:01
2025-05-21 Misters SCHEDULED START: 15:46:01 STOP: 15:47:01
2025-05-21 Misters SCHEDULED START: 15:47:01 STOP: 15:48:01
2025-05-21 Misters SCHEDULED START: 15:48:01 STOP: 15:49:01
2025-05-21 Misters SCHEDULED START: 15:49:01 STOP: 15:50:01
2025-05-21 Hanging Pots SCHEDULED START: 15:38:01 STOP: 15:51:01
2025-05-21 Misters SCHEDULED START: 15:50:01 STOP: 15:51:01
2025-05-21 Misters SCHEDULED START: 15:51:01 STOP: 15:52:01
2025-05-21 Misters SCHEDULED START: 15:52:01 STOP: 15:53:01
2025-05-21 Misters SCHEDULED START: 15:53:01 STOP: 15:54:01
2025-05-21 Misters SCHEDULED START: 15:54:01 STOP: 15:55:01
2025-05-21 Misters SCHEDULED START: 15:55:01 STOP: 15:56:02
2025-05-21 Misters SCHEDULED START: 15:56:02 STOP: 15:57:02
2025-05-21 Misters SCHEDULED START: 15:57:02 STOP: 15:58:02
2025-05-21 Misters SCHEDULED START: 15:58:02 STOP: 15:59:02
2025-05-21 Misters SCHEDULED START: 15:59:02 STOP: 16:00:02
2025-05-21 Garden SCHEDULED START: 15:43:01 STOP: 16:01:01
2025-05-21 Misters SCHEDULED START: 16:00:02 STOP: 16:01:02
2025-05-21 Misters SCHEDULED START: 16:01:02 STOP: 16:02:02
2025-05-21 Misters SCHEDULED START: 16:02:02 STOP: 16:03:02
2025-05-21 Hanging Pots SCHEDULED START: 15:51:01 STOP: 16:04:01
2025-05-21 Misters SCHEDULED START: 16:03:02 STOP: 16:04:02
2025-05-21 Misters SCHEDULED START: 16:04:02 STOP: 16:05:02
2025-05-21 Misters SCHEDULED START: 16:05:02 STOP: 16:06:02
2025-05-21 Misters SCHEDULED START: 16:06:02 STOP: 16:07:02
2025-05-21 Misters SCHEDULED START: 16:07:02 STOP: 16:08:02
2025-05-21 Misters SCHEDULED START: 16:08:02 STOP: 16:09:02
2025-05-21 Hanging Pots SCHEDULED START: 16:04:01 STOP: 16:17:01
2025-05-21 Garden SCHEDULED START: 16:01:01 STOP: 16:19:01
2025-05-21 Hanging Pots SCHEDULED START: 16:17:01 STOP: 16:30:01
2025-05-21 Garden SCHEDULED START: 16:19:01 STOP: 16:37:01
2025-05-21 Hanging Pots SCHEDULED START: 16:30:01 STOP: 16:43:02
2025-05-21 Garden SCHEDULED START: 16:37:01 STOP: 16:55:01
2025-05-21 Hanging Pots SCHEDULED START: 16:43:02 STOP: 16:56:02
2025-05-21 Hanging Pots SCHEDULED START: 16:56:02 STOP: 17:09:02
2025-05-21 Garden SCHEDULED START: 16:55:01 STOP: 17:13:02
2025-05-21 Hanging Pots SCHEDULED START: 17:09:02 STOP: 17:22:02
2025-05-21 Garden SCHEDULED START: 17:13:02 STOP: 17:31:02
2025-05-21 Hanging Pots SCHEDULED START: 17:22:02 STOP: 17:35:02
2025-05-21 Hanging Pots SCHEDULED START: 17:35:02 STOP: 17:48:02
2025-05-21 Garden SCHEDULED START: 17:31:02 STOP: 17:49:02
2025-05-21 Hanging Pots SCHEDULED START: 17:48:02 STOP: 18:01:02
2025-05-21 Garden SCHEDULED START: 17:49:02 STOP: 18:07:02
2025-05-21 Hanging Pots SCHEDULED START: 18:01:02 STOP: 18:14:02
2025-05-21 Garden SCHEDULED START: 18:07:02 STOP: 18:25:02
2025-05-21 Hanging Pots SCHEDULED START: 18:14:02 STOP: 18:27:03
2025-05-21 Hanging Pots SCHEDULED START: 18:27:03 STOP: 18:40:03
2025-05-21 Garden SCHEDULED START: 18:25:02 STOP: 18:43:02
2025-05-21 Hanging Pots MANUAL START: 20:35:58 STOP: 21:14:58
2025-05-25 Misters MIST_90 START: 16:59:45 STOP: 17:01:45
2025-05-25 Hanging Pots MANUAL START: 17:58:43 STOP: 18:17:43
2025-05-26 Misters SCHEDULED START: 15:25:01 STOP: 15:26:01
2025-05-26 Misters SCHEDULED START: 15:26:01 STOP: 15:27:01
2025-05-26 Misters SCHEDULED START: 15:27:01 STOP: 15:28:01
2025-05-26 Misters SCHEDULED START: 15:28:01 STOP: 15:29:01
2025-05-26 Misters SCHEDULED START: 15:29:01 STOP: 15:30:01
2025-05-26 Misters SCHEDULED START: 15:30:01 STOP: 15:31:01
2025-05-26 Misters SCHEDULED START: 15:31:01 STOP: 15:32:01
2025-05-26 Misters SCHEDULED START: 15:32:01 STOP: 15:33:01
2025-05-26 Misters SCHEDULED START: 15:33:01 STOP: 15:34:01
2025-05-26 Misters SCHEDULED START: 15:34:01 STOP: 15:35:01
2025-05-26 Misters SCHEDULED START: 15:35:01 STOP: 15:36:01
2025-05-26 Misters SCHEDULED START: 15:36:01 STOP: 15:37:01
2025-05-26 Hanging Pots SCHEDULED START: 15:25:01 STOP: 15:38:01
2025-05-26 Misters SCHEDULED START: 15:37:01 STOP: 15:38:01
2025-05-26 Misters SCHEDULED START: 15:38:01 STOP: 15:39:01
2025-05-26 Misters SCHEDULED START: 15:39:01 STOP: 15:40:01
2025-05-26 Misters SCHEDULED START: 15:40:01 STOP: 15:41:01
2025-05-26 Misters SCHEDULED START: 15:41:01 STOP: 15:42:01
2025-05-26 Garden SCHEDULED START: 15:25:01 STOP: 15:43:01
2025-05-26 Misters SCHEDULED START: 15:42:01 STOP: 15:43:01
2025-05-26 Misters SCHEDULED START: 15:43:01 STOP: 15:44:01
2025-05-26 Misters SCHEDULED START: 15:44:01 STOP: 15:45:01
2025-05-26 Misters SCHEDULED START: 15:45:01 STOP: 15:46:01
2025-05-26 Misters SCHEDULED START: 15:46:01 STOP: 15:47:01
2025-05-26 Misters SCHEDULED START: 15:47:01 STOP: 15:48:01
2025-05-26 Misters SCHEDULED START: 15:48:01 STOP: 15:49:01
2025-05-26 Misters SCHEDULED START: 15:49:01 STOP: 15:50:01
2025-05-26 Hanging Pots SCHEDULED START: 15:38:01 STOP: 15:51:01
2025-05-26 Misters SCHEDULED START: 15:50:01 STOP: 15:51:01
2025-05-26 Misters SCHEDULED START: 15:51:01 STOP: 15:52:01
2025-05-26 Misters SCHEDULED START: 15:52:01 STOP: 15:53:01
2025-05-26 Misters SCHEDULED START: 15:53:01 STOP: 15:54:01
2025-05-26 Misters SCHEDULED START: 15:54:01 STOP: 15:55:01
2025-05-26 Misters SCHEDULED START: 15:55:01 STOP: 15:56:01
2025-05-26 Misters SCHEDULED START: 15:56:01 STOP: 15:57:01
2025-05-26 Misters SCHEDULED START: 15:57:01 STOP: 15:58:01
2025-05-26 Misters SCHEDULED START: 15:58:01 STOP: 15:59:01
2025-05-26 Misters SCHEDULED START: 15:59:01 STOP: 16:00:01
2025-05-26 Garden SCHEDULED START: 15:43:01 STOP: 16:01:01
2025-05-26 Misters SCHEDULED START: 16:00:01 STOP: 16:01:01
2025-05-26 Misters SCHEDULED START: 16:01:02 STOP: 16:02:02
2025-05-26 Misters SCHEDULED START: 16:02:02 STOP: 16:03:02
2025-05-26 Hanging Pots SCHEDULED START: 15:51:01 STOP: 16:04:01
2025-05-26 Misters SCHEDULED START: 16:03:02 STOP: 16:04:02
2025-05-26 Misters SCHEDULED START: 16:04:02 STOP: 16:05:02
2025-05-26 Misters SCHEDULED START: 16:05:02 STOP: 16:06:02
2025-05-26 Misters SCHEDULED START: 16:06:02 STOP: 16:07:02
2025-05-26 Misters SCHEDULED START: 16:07:02 STOP: 16:08:02
2025-05-26 Hanging Pots SCHEDULED START: 16:04:01 STOP: 16:17:01
2025-05-26 Garden SCHEDULED START: 16:01:01 STOP: 16:19:01
2025-05-26 Hanging Pots SCHEDULED START: 16:17:01 STOP: 16:30:01
2025-05-26 Garden SCHEDULED START: 16:19:01 STOP: 16:37:01
2025-05-26 Hanging Pots SCHEDULED START: 16:30:01 STOP: 16:43:01
2025-05-26 Garden SCHEDULED START: 16:37:01 STOP: 16:55:01
2025-05-26 Hanging Pots SCHEDULED START: 16:43:01 STOP: 16:56:01
2025-05-26 Hanging Pots SCHEDULED START: 16:56:01 STOP: 17:09:02
2025-05-26 Garden SCHEDULED START: 16:55:01 STOP: 17:13:01
2025-05-26 Hanging Pots SCHEDULED START: 17:09:02 STOP: 17:22:02
2025-05-26 Garden SCHEDULED START: 17:13:02 STOP: 17:31:02
2025-05-26 Hanging Pots SCHEDULED START: 17:22:02 STOP: 17:35:02
2025-05-26 Hanging Pots SCHEDULED START: 17:35:02 STOP: 17:48:02
2025-05-26 Garden SCHEDULED START: 17:31:02 STOP: 17:49:02
2025-05-26 Hanging Pots SCHEDULED START: 17:48:02 STOP: 18:01:02
2025-05-26 Garden SCHEDULED START: 17:49:02 STOP: 18:07:02
2025-05-26 Hanging Pots SCHEDULED START: 18:01:02 STOP: 18:14:02
2025-05-26 Garden SCHEDULED START: 18:07:02 STOP: 18:25:02
2025-05-26 Hanging Pots SCHEDULED START: 18:14:02 STOP: 18:27:02
2025-05-26 Hanging Pots SCHEDULED START: 18:27:02 STOP: 18:40:02
2025-05-26 Garden SCHEDULED START: 18:25:02 STOP: 18:43:02
2025-05-26 Hanging Pots SCHEDULED START: 18:40:02 STOP: 18:53:03
2025-05-26 Garden SCHEDULED START: 18:43:02 STOP: 19:01:02
2025-05-26 Hanging Pots SCHEDULED START: 18:53:03 STOP: 19:06:03
2025-05-26 Garden SCHEDULED START: 19:01:02 STOP: 19:19:03
2025-05-26 Hanging Pots SCHEDULED START: 19:06:03 STOP: 19:19:03
2025-05-26 Hanging Pots SCHEDULED START: 19:19:03 STOP: 19:32:03
2025-05-26 Garden SCHEDULED START: 19:19:03 STOP: 19:37:03
